<?xml version="1.0" encoding="UTF-8"?>
<!-- Generated by org.testng.reporters.JUnitReportReporter -->
<testsuite skipped="0" hostname="DESKTOP-KLC8PJT" name="com.tarte.script.url" tests="1" failures="0" timestamp="25 Jan 2018 21:38:44 GMT" time="2159.709" errors="0">
  <testcase name="checkBrokenLinks" time="2159.709" classname="com.tarte.script.url"/>
</testsuite> <!-- com.tarte.script.url -->
