<?xml version="1.0" encoding="UTF-8"?>
<!-- Generated by org.testng.reporters.JUnitReportReporter -->
<testsuite skipped="1" hostname="PSharma-ARK09RR7" name="RegisteredCheckoutScenarios.Locale_USA" tests="2" failures="0" timestamp="18 Apr 2018 23:39:09 GMT" time="55.631" errors="0">
  <testcase name="EGCCheckout" time="55.631" classname="RegisteredCheckoutScenarios.Locale_USA"/>
  <testcase name="reg_Promo_CreditCard" classname="RegisteredCheckoutScenarios.Locale_USA">
    <skipped/>
  </testcase> <!-- reg_Promo_CreditCard -->
</testsuite> <!-- RegisteredCheckoutScenarios.Locale_USA -->
