<?xml version="1.0" encoding="UTF-8"?>
<!-- Generated by org.testng.reporters.JUnitReportReporter -->
<testsuite skipped="0" hostname="PSharma-ARK09RR7" name="RegisteredCheckoutScenarios.Locale_UnitedArabEmirates" tests="1" failures="0" timestamp="02 Apr 2018 14:48:13 GMT" time="137.401" errors="0">
  <testcase name="reg_Promo_CreditCard" time="137.401" classname="RegisteredCheckoutScenarios.Locale_UnitedArabEmirates"/>
</testsuite> <!-- RegisteredCheckoutScenarios.Locale_UnitedArabEmirates -->
