<?xml version="1.0" encoding="UTF-8"?>
<!-- Generated by org.testng.reporters.JUnitReportReporter -->
<testsuite skipped="11" hostname="DESKTOP-KLC8PJT" name="com.tarte.script.Registercheckout" tests="12" failures="0" timestamp="01 Jan 2018 19:51:47 GMT" time="43.702" errors="1">
  <testcase name="Registercheckoutstaging" time="43.702" classname="com.tarte.script.Registercheckout">
    <error type="java.lang.NullPointerException">
      <![CDATA[java.lang.NullPointerExceptionat com.tarte.script.Registercheckout.Registercheckoutstaging(Registercheckout.java:87)at sun.reflect.NativeMethodAccessorImpl.invoke0(Native Method)at sun.reflect.NativeMethodAccessorImpl.invoke(Unknown Source)at sun.reflect.DelegatingMethodAccessorImpl.invoke(Unknown Source)at java.lang.reflect.Method.invoke(Unknown Source)at org.testng.internal.MethodInvocationHelper.invokeMethod(MethodInvocationHelper.java:124)at org.testng.internal.MethodInvocationHelper.invokeMethodConsideringTimeout(MethodInvocationHelper.java:59)at org.testng.internal.Invoker.invokeConfigurationMethod(Invoker.java:451)at org.testng.internal.Invoker.invokeConfigurations(Invoker.java:222)at org.testng.internal.Invoker.invokeConfigurations(Invoker.java:142)at org.testng.TestRunner.beforeRun(TestRunner.java:529)at org.testng.TestRunner.run(TestRunner.java:497)at org.testng.SuiteRunner.runTest(SuiteRunner.java:455)at org.testng.SuiteRunner.runSequentially(SuiteRunner.java:450)at org.testng.SuiteRunner.privateRun(SuiteRunner.java:415)at org.testng.SuiteRunner.run(SuiteRunner.java:364)at org.testng.SuiteRunnerWorker.runSuite(SuiteRunnerWorker.java:52)at org.testng.SuiteRunnerWorker.run(SuiteRunnerWorker.java:84)at org.testng.TestNG.runSuitesSequentially(TestNG.java:1187)at org.testng.TestNG.runSuitesLocally(TestNG.java:1116)at org.testng.TestNG.runSuites(TestNG.java:1028)at org.testng.TestNG.run(TestNG.java:996)at org.testng.remote.AbstractRemoteTestNG.run(AbstractRemoteTestNG.java:114)at org.testng.remote.RemoteTestNG.initAndRun(RemoteTestNG.java:251)at org.testng.remote.RemoteTestNG.main(RemoteTestNG.java:77)]]>
    </error>
  </testcase> <!-- Registercheckoutstaging -->
  <testcase name="Register_USA_Checkout_Sample_CartSpecial" time="0.000" classname="com.tarte.script.Registercheckout">
    <skipped/>
  </testcase> <!-- Register_USA_Checkout_Sample_CartSpecial -->
  <testcase name="Register_CANADA_Checkout_Sample_CartSpecial" time="0.000" classname="com.tarte.script.Registercheckout">
    <skipped/>
  </testcase> <!-- Register_CANADA_Checkout_Sample_CartSpecial -->
  <testcase name="Register_UNITEDKINGDOM_Checkout_Sample_CartSpecial" time="0.000" classname="com.tarte.script.Registercheckout">
    <skipped/>
  </testcase> <!-- Register_UNITEDKINGDOM_Checkout_Sample_CartSpecial -->
  <testcase name="Register_GERMANY_Checkout_Sample_CartSpecial" time="0.000" classname="com.tarte.script.Registercheckout">
    <skipped/>
  </testcase> <!-- Register_GERMANY_Checkout_Sample_CartSpecial -->
  <testcase name="Register_FRANCE_Checkout_Sample_CartSpecial" time="0.000" classname="com.tarte.script.Registercheckout">
    <skipped/>
  </testcase> <!-- Register_FRANCE_Checkout_Sample_CartSpecial -->
  <testcase name="Register_AUSTRALIA_Checkout_Sample_CartSpecial" time="0.000" classname="com.tarte.script.Registercheckout">
    <skipped/>
  </testcase> <!-- Register_AUSTRALIA_Checkout_Sample_CartSpecial -->
  <testcase name="Register_SAUDIARABIA_Checkout_Sample_CartSpecial" time="0.000" classname="com.tarte.script.Registercheckout">
    <skipped/>
  </testcase> <!-- Register_SAUDIARABIA_Checkout_Sample_CartSpecial -->
  <testcase name="Register_UNITERARABEMIRATES_Checkout_Sample_CartSpecial" time="0.000" classname="com.tarte.script.Registercheckout">
    <skipped/>
  </testcase> <!-- Register_UNITERARABEMIRATES_Checkout_Sample_CartSpecial -->
  <testcase name="Register_MALAYSIA_Checkout_Sample_CartSpecial" time="0.000" classname="com.tarte.script.Registercheckout">
    <skipped/>
  </testcase> <!-- Register_MALAYSIA_Checkout_Sample_CartSpecial -->
  <testcase name="Register_SINGAPORE_Checkout_Sample_CartSpecial" time="0.000" classname="com.tarte.script.Registercheckout">
    <skipped/>
  </testcase> <!-- Register_SINGAPORE_Checkout_Sample_CartSpecial -->
  <testcase name="Register_KUWAIT_Checkout_Sample_CartSpecial" time="0.000" classname="com.tarte.script.Registercheckout">
    <skipped/>
  </testcase> <!-- Register_KUWAIT_Checkout_Sample_CartSpecial -->
</testsuite> <!-- com.tarte.script.Registercheckout -->
