<?xml version="1.0" encoding="UTF-8"?>
<!-- Generated by org.testng.reporters.JUnitReportReporter -->
<testsuite skipped="0" hostname="PSharma-ARK09RR7" name="GuestCheckoutScenarios.RegisteredUser_USA" tests="1" failures="0" timestamp="20 Mar 2018 22:31:44 GMT" time="107.127" errors="0">
  <testcase name="registeredUserCheckout_USA" time="107.127" classname="GuestCheckoutScenarios.RegisteredUser_USA"/>
</testsuite> <!-- GuestCheckoutScenarios.RegisteredUser_USA -->
