<?xml version="1.0" encoding="UTF-8"?>
<!-- Generated by org.testng.reporters.JUnitReportReporter -->
<testsuite skipped="0" hostname="PSharma-ARK09RR7" name="tarte.tests.RegisteredCustomerTier1" tests="1" failures="0" timestamp="21 Feb 2018 23:58:23 GMT" time="31.333" errors="0">
  <testcase name="test3" time="31.333" classname="tarte.tests.RegisteredCustomerTier1"/>
</testsuite> <!-- tarte.tests.RegisteredCustomerTier1 -->
