<?xml version="1.0" encoding="UTF-8"?>
<!-- Generated by org.testng.reporters.JUnitReportReporter -->
<testsuite skipped="1" hostname="PSharma-ARK09RR7" name="tarte.tests.TC01" tests="8" failures="0" timestamp="23 Feb 2018 17:42:00 GMT" time="99.375" errors="0">
  <testcase name="firstMeth" time="5.807" classname="tarte.tests.TC01"/>
  <testcase name="launchURL" time="29.355" classname="tarte.tests.TC01"/>
  <testcase name="selectCatagory" time="20.558" classname="tarte.tests.TC01"/>
  <testcase name="checkOutPage1" time="20.153" classname="tarte.tests.TC01"/>
  <testcase name="shippingDetails" time="7.537" classname="tarte.tests.TC01"/>
  <testcase name="billingPageDetails" time="2.371" classname="tarte.tests.TC01"/>
  <testcase name="orderReviewPage" time="13.594" classname="tarte.tests.TC01"/>
  <testcase name="testAllLinks" classname="tarte.tests.TC01">
    <skipped/>
  </testcase> <!-- testAllLinks -->
</testsuite> <!-- tarte.tests.TC01 -->
