<?xml version="1.0" encoding="UTF-8"?>
<!-- Generated by org.testng.reporters.JUnitReportReporter -->
<testsuite skipped="0" hostname="PSharma-ARK09RR7" name="tarte.tests.TestATU" tests="3" failures="0" timestamp="23 Feb 2018 04:36:24 GMT" time="0.071" errors="0">
  <testcase name="tet12" time="0.064" classname="tarte.tests.TestATU"/>
  <testcase name="Test2" time="0.004" classname="tarte.tests.TestATU"/>
  <testcase name="Test3" time="0.003" classname="tarte.tests.TestATU"/>
</testsuite> <!-- tarte.tests.TestATU -->
