<?xml version="1.0" encoding="UTF-8"?>
<!-- Generated by org.testng.reporters.JUnitReportReporter -->
<testsuite skipped="0" hostname="DESKTOP-KLC8PJT" name="com.tarte.script.url1" tests="1" failures="0" timestamp="18 Dec 2017 16:37:24 GMT" time="19.937" errors="0">
  <testcase name="checkBrokenLinks" time="19.937" classname="com.tarte.script.url1"/>
</testsuite> <!-- com.tarte.script.url1 -->
