<?xml version="1.0" encoding="UTF-8"?>
<!-- Generated by org.testng.reporters.JUnitReportReporter -->
<testsuite hostname="DESKTOP-KLC8PJT" name="com.tarte.script.URL_Validation" tests="1" failures="0" timestamp="8 Dec 2017 17:09:48 GMT" time="83.614" errors="0">
  <testcase name="URLCheckTest" time="83.614" classname="com.tarte.script.URL_Validation"/>
</testsuite> <!-- com.tarte.script.URL_Validation -->
