<?xml version="1.0" encoding="UTF-8"?>
<!-- Generated by org.testng.reporters.JUnitReportReporter -->
<testsuite skipped="11" hostname="DESKTOP-KLC8PJT" name="com.tarte.script.Guestcheckout2$GuestTest" tests="11" failures="0" timestamp="20 Dec 2017 20:26:15 GMT" time="1745.278" errors="0">
  <testcase name="Guest_USA_Checkout_Sample_CartSpecial" time="163.197" classname="com.tarte.script.Guestcheckout2$GuestTest">
    <skipped/>
  </testcase> <!-- Guest_USA_Checkout_Sample_CartSpecial -->
  <testcase name="Guest_CANADA_Checkout_Sample_CartSpecial" time="178.964" classname="com.tarte.script.Guestcheckout2$GuestTest">
    <skipped/>
  </testcase> <!-- Guest_CANADA_Checkout_Sample_CartSpecial -->
  <testcase name="Guest_UNITEDKINGDOM_Checkout_Sample_CartSpecial" time="181.422" classname="com.tarte.script.Guestcheckout2$GuestTest">
    <skipped/>
  </testcase> <!-- Guest_UNITEDKINGDOM_Checkout_Sample_CartSpecial -->
  <testcase name="Guest_GERMANY_Checkout_Sample_CartSpecial" time="149.503" classname="com.tarte.script.Guestcheckout2$GuestTest">
    <skipped/>
  </testcase> <!-- Guest_GERMANY_Checkout_Sample_CartSpecial -->
  <testcase name="Guest_FRANCE_Checkout_Sample_CartSpecial" time="149.255" classname="com.tarte.script.Guestcheckout2$GuestTest">
    <skipped/>
  </testcase> <!-- Guest_FRANCE_Checkout_Sample_CartSpecial -->
  <testcase name="Guest_AUSTRALIA_Checkout_Sample_CartSpecial" time="162.190" classname="com.tarte.script.Guestcheckout2$GuestTest">
    <skipped/>
  </testcase> <!-- Guest_AUSTRALIA_Checkout_Sample_CartSpecial -->
  <testcase name="Guest_SAUDIARABIA_Checkout_Sample_CartSpecial" time="141.629" classname="com.tarte.script.Guestcheckout2$GuestTest">
    <skipped/>
  </testcase> <!-- Guest_SAUDIARABIA_Checkout_Sample_CartSpecial -->
  <testcase name="Guest_UNITERARABEMIRATES_Checkout_Sample_CartSpecial" time="145.300" classname="com.tarte.script.Guestcheckout2$GuestTest">
    <skipped/>
  </testcase> <!-- Guest_UNITERARABEMIRATES_Checkout_Sample_CartSpecial -->
  <testcase name="Guest_MALAYSIA_Checkout_Sample_CartSpecial" time="188.858" classname="com.tarte.script.Guestcheckout2$GuestTest">
    <skipped/>
  </testcase> <!-- Guest_MALAYSIA_Checkout_Sample_CartSpecial -->
  <testcase name="Guest_SINGAPORE_Checkout_Sample_CartSpecial" time="134.915" classname="com.tarte.script.Guestcheckout2$GuestTest">
    <skipped/>
  </testcase> <!-- Guest_SINGAPORE_Checkout_Sample_CartSpecial -->
  <testcase name="Guest_KUWAIT_Checkout_Sample_CartSpecial" time="150.045" classname="com.tarte.script.Guestcheckout2$GuestTest">
    <skipped/>
  </testcase> <!-- Guest_KUWAIT_Checkout_Sample_CartSpecial -->
</testsuite> <!-- com.tarte.script.Guestcheckout2$GuestTest -->
