<?xml version="1.0" encoding="UTF-8"?>
<!-- Generated by org.testng.reporters.JUnitReportReporter -->
<testsuite skipped="0" hostname="PSharma-ARK09RR7" name="tarte.tests.Registration" tests="1" failures="0" timestamp="16 Feb 2018 00:50:00 GMT" time="7.588" errors="0">
  <testcase name="readEnvioenment" time="7.588" classname="tarte.tests.Registration"/>
</testsuite> <!-- tarte.tests.Registration -->
