<?xml version="1.0" encoding="UTF-8"?>
<!-- Generated by org.testng.reporters.JUnitReportReporter -->
<testsuite skipped="0" hostname="DESKTOP-KLC8PJT" name="com.tarte.script.responsecode" tests="1" failures="0" timestamp="14 Dec 2017 17:01:04 GMT" time="6.805" errors="1">
  <testcase name="GetWeatherDetails" time="6.805" classname="com.tarte.script.responsecode">
    <error type="org.apache.http.client.ClientProtocolException">
      <![CDATA[org.apache.http.client.ClientProtocolExceptionat org.apache.http.impl.client.AbstractHttpClient.doExecute(AbstractHttpClient.java:839)at org.apache.http.impl.client.CloseableHttpClient.execute(CloseableHttpClient.java:83)at org.apache.http.impl.client.CloseableHttpClient.execute(CloseableHttpClient.java:56)at org.apache.http.client.HttpClient$execute$0.call(Unknown Source)at org.codehaus.groovy.runtime.callsite.CallSiteArray.defaultCall(CallSiteArray.java:48)at org.codehaus.groovy.runtime.callsite.AbstractCallSite.call(AbstractCallSite.java:113)at org.codehaus.groovy.runtime.callsite.AbstractCallSite.call(AbstractCallSite.java:133)at io.restassured.internal.RequestSpecificationImpl$RestAssuredHttpBuilder.doRequest(RequestSpecificationImpl.groovy:2128)at io.restassured.internal.http.HTTPBuilder.doRequest(HTTPBuilder.java:494)at io.restassured.internal.http.HTTPBuilder.request(HTTPBuilder.java:451)at io.restassured.internal.http.HTTPBuilder$request$2.call(Unknown Source)at org.codehaus.groovy.runtime.callsite.CallSiteArray.defaultCall(CallSiteArray.java:48)at org.codehaus.groovy.runtime.callsite.AbstractCallSite.call(AbstractCallSite.java:113)at org.codehaus.groovy.runtime.callsite.AbstractCallSite.call(AbstractCallSite.java:141)at io.restassured.internal.RequestSpecificationImpl.sendHttpRequest(RequestSpecificationImpl.groovy:1531)at sun.reflect.NativeMethodAccessorImpl.invoke0(Native Method)at sun.reflect.NativeMethodAccessorImpl.invoke(Unknown Source)at sun.reflect.DelegatingMethodAccessorImpl.invoke(Unknown Source)at java.lang.reflect.Method.invoke(Unknown Source)at org.codehaus.groovy.reflection.CachedMethod.invoke(CachedMethod.java:93)at groovy.lang.MetaMethod.doMethodInvoke(MetaMethod.java:325)at groovy.lang.MetaClassImpl.invokeMethod(MetaClassImpl.java:1213)at groovy.lang.MetaClassImpl.invokeMethod(MetaClassImpl.java:1022)at groovy.lang.MetaClassImpl.invokeMethod(MetaClassImpl.java:810)at io.restassured.internal.RequestSpecificationImpl.invokeMethod(RequestSpecificationImpl.groovy)at org.codehaus.groovy.runtime.callsite.PogoInterceptableSite.call(PogoInterceptableSite.java:48)at org.codehaus.groovy.runtime.callsite.PogoInterceptableSite.callCurrent(PogoInterceptableSite.java:58)at org.codehaus.groovy.runtime.callsite.CallSiteArray.defaultCallCurrent(CallSiteArray.java:52)at org.codehaus.groovy.runtime.callsite.AbstractCallSite.callCurrent(AbstractCallSite.java:154)at io.restassured.internal.RequestSpecificationImpl.sendRequest(RequestSpecificationImpl.groovy:1290)at sun.reflect.NativeMethodAccessorImpl.invoke0(Native Method)at sun.reflect.NativeMethodAccessorImpl.invoke(Unknown Source)at sun.reflect.DelegatingMethodAccessorImpl.invoke(Unknown Source)at java.lang.reflect.Method.invoke(Unknown Source)at org.codehaus.groovy.reflection.CachedMethod.invoke(CachedMethod.java:93)at groovy.lang.MetaMethod.doMethodInvoke(MetaMethod.java:325)at groovy.lang.MetaClassImpl.invokeMethod(MetaClassImpl.java:1213)at groovy.lang.MetaClassImpl.invokeMethod(MetaClassImpl.java:1022)at groovy.lang.MetaClassImpl.invokeMethod(MetaClassImpl.java:810)at io.restassured.internal.RequestSpecificationImpl.invokeMethod(RequestSpecificationImpl.groovy)at org.codehaus.groovy.runtime.callsite.PogoInterceptableSite.call(PogoInterceptableSite.java:48)at org.codehaus.groovy.runtime.callsite.CallSiteArray.defaultCall(CallSiteArray.java:48)at org.codehaus.groovy.runtime.callsite.AbstractCallSite.call(AbstractCallSite.java:113)at org.codehaus.groovy.runtime.callsite.AbstractCallSite.call(AbstractCallSite.java:149)at io.restassured.internal.filter.SendRequestFilter.filter(SendRequestFilter.groovy:30)at io.restassured.filter.Filter$filter$0.call(Unknown Source)at org.codehaus.groovy.runtime.callsite.CallSiteArray.defaultCall(CallSiteArray.java:48)at io.restassured.filter.Filter$filter.call(Unknown Source)at io.restassured.internal.filter.FilterContextImpl.next(FilterContextImpl.groovy:72)at io.restassured.filter.time.TimingFilter.filter(TimingFilter.java:56)at io.restassured.filter.Filter$filter.call(Unknown Source)at org.codehaus.groovy.runtime.callsite.CallSiteArray.defaultCall(CallSiteArray.java:48)at org.codehaus.groovy.runtime.callsite.AbstractCallSite.call(AbstractCallSite.java:113)at org.codehaus.groovy.runtime.callsite.AbstractCallSite.call(AbstractCallSite.java:141)at io.restassured.internal.filter.FilterContextImpl.next(FilterContextImpl.groovy:72)at io.restassured.filter.FilterContext$next.call(Unknown Source)at org.codehaus.groovy.runtime.callsite.CallSiteArray.defaultCall(CallSiteArray.java:48)at org.codehaus.groovy.runtime.callsite.AbstractCallSite.call(AbstractCallSite.java:113)at org.codehaus.groovy.runtime.callsite.AbstractCallSite.call(AbstractCallSite.java:133)at io.restassured.internal.RequestSpecificationImpl.applyPathParamsAndSendRequest(RequestSpecificationImpl.groovy:1731)at sun.reflect.NativeMethodAccessorImpl.invoke0(Native Method)at sun.reflect.NativeMethodAccessorImpl.invoke(Unknown Source)at sun.reflect.DelegatingMethodAccessorImpl.invoke(Unknown Source)at java.lang.reflect.Method.invoke(Unknown Source)at org.codehaus.groovy.reflection.CachedMethod.invoke(CachedMethod.java:93)at groovy.lang.MetaMethod.doMethodInvoke(MetaMethod.java:325)at groovy.lang.MetaClassImpl.invokeMethod(MetaClassImpl.java:1213)at groovy.lang.MetaClassImpl.invokeMethod(MetaClassImpl.java:1022)at groovy.lang.MetaClassImpl.invokeMethod(MetaClassImpl.java:810)at io.restassured.internal.RequestSpecificationImpl.invokeMethod(RequestSpecificationImpl.groovy)at org.codehaus.groovy.runtime.callsite.PogoInterceptableSite.call(PogoInterceptableSite.java:48)at org.codehaus.groovy.runtime.callsite.PogoInterceptableSite.callCurrent(PogoInterceptableSite.java:58)at org.codehaus.groovy.runtime.callsite.CallSiteArray.defaultCallCurrent(CallSiteArray.java:52)at org.codehaus.groovy.runtime.callsite.AbstractCallSite.callCurrent(AbstractCallSite.java:154)at org.codehaus.groovy.runtime.callsite.AbstractCallSite.callCurrent(AbstractCallSite.java:182)at io.restassured.internal.RequestSpecificationImpl.applyPathParamsAndSendRequest(RequestSpecificationImpl.groovy:1737)at sun.reflect.NativeMethodAccessorImpl.invoke0(Native Method)at sun.reflect.NativeMethodAccessorImpl.invoke(Unknown Source)at sun.reflect.DelegatingMethodAccessorImpl.invoke(Unknown Source)at java.lang.reflect.Method.invoke(Unknown Source)at org.codehaus.groovy.reflection.CachedMethod.invoke(CachedMethod.java:93)at groovy.lang.MetaMethod.doMethodInvoke(MetaMethod.java:325)at groovy.lang.MetaClassImpl.invokeMethod(MetaClassImpl.java:1213)at groovy.lang.MetaClassImpl.invokeMethod(MetaClassImpl.java:1022)at groovy.lang.MetaClassImpl.invokeMethod(MetaClassImpl.java:810)at io.restassured.internal.RequestSpecificationImpl.invokeMethod(RequestSpecificationImpl.groovy)at org.codehaus.groovy.runtime.callsite.PogoInterceptableSite.call(PogoInterceptableSite.java:48)at org.codehaus.groovy.runtime.callsite.PogoInterceptableSite.callCurrent(PogoInterceptableSite.java:58)at org.codehaus.groovy.runtime.callsite.CallSiteArray.defaultCallCurrent(CallSiteArray.java:52)at org.codehaus.groovy.runtime.callsite.AbstractCallSite.callCurrent(AbstractCallSite.java:154)at org.codehaus.groovy.runtime.callsite.AbstractCallSite.callCurrent(AbstractCallSite.java:182)at io.restassured.internal.RequestSpecificationImpl.get(RequestSpecificationImpl.groovy:170)at io.restassured.internal.RequestSpecificationImpl.get(RequestSpecificationImpl.groovy)at sun.reflect.NativeMethodAccessorImpl.invoke0(Native Method)at sun.reflect.NativeMethodAccessorImpl.invoke(Unknown Source)at sun.reflect.DelegatingMethodAccessorImpl.invoke(Unknown Source)at java.lang.reflect.Method.invoke(Unknown Source)at org.codehaus.groovy.reflection.CachedMethod.invoke(CachedMethod.java:93)at groovy.lang.MetaMethod.doMethodInvoke(MetaMethod.java:325)at groovy.lang.MetaClassImpl.invokeMethod(MetaClassImpl.java:1213)at groovy.lang.MetaClassImpl.invokeMethod(MetaClassImpl.java:1022)at groovy.lang.MetaClassImpl.invokeMethod(MetaClassImpl.java:810)at io.restassured.internal.RequestSpecificationImpl.invokeMethod(RequestSpecificationImpl.groovy)at org.codehaus.groovy.runtime.callsite.PogoInterceptableSite.call(PogoInterceptableSite.java:48)at org.codehaus.groovy.runtime.callsite.PogoInterceptableSite.callCurrent(PogoInterceptableSite.java:58)at org.codehaus.groovy.runtime.callsite.CallSiteArray.defaultCallCurrent(CallSiteArray.java:52)at org.codehaus.groovy.runtime.callsite.AbstractCallSite.callCurrent(AbstractCallSite.java:154)at org.codehaus.groovy.runtime.callsite.AbstractCallSite.callCurrent(AbstractCallSite.java:166)at io.restassured.internal.RequestSpecificationImpl.get(RequestSpecificationImpl.groovy:254)at io.restassured.internal.RequestSpecificationImpl.get(RequestSpecificationImpl.groovy)at com.tarte.script.responsecode.GetWeatherDetails(responsecode.java:16)at sun.reflect.NativeMethodAccessorImpl.invoke0(Native Method)at sun.reflect.NativeMethodAccessorImpl.invoke(Unknown Source)at sun.reflect.DelegatingMethodAccessorImpl.invoke(Unknown Source)at java.lang.reflect.Method.invoke(Unknown Source)at org.testng.internal.MethodInvocationHelper.invokeMethod(MethodInvocationHelper.java:124)at org.testng.internal.Invoker.invokeMethod(Invoker.java:571)at org.testng.internal.Invoker.invokeTestMethod(Invoker.java:707)at org.testng.internal.Invoker.invokeTestMethods(Invoker.java:979)at org.testng.internal.TestMethodWorker.invokeTestMethods(TestMethodWorker.java:125)at org.testng.internal.TestMethodWorker.run(TestMethodWorker.java:109)at org.testng.TestRunner.privateRun(TestRunner.java:648)at org.testng.TestRunner.run(TestRunner.java:505)at org.testng.SuiteRunner.runTest(SuiteRunner.java:455)at org.testng.SuiteRunner.runSequentially(SuiteRunner.java:450)at org.testng.SuiteRunner.privateRun(SuiteRunner.java:415)at org.testng.SuiteRunner.run(SuiteRunner.java:364)at org.testng.SuiteRunnerWorker.runSuite(SuiteRunnerWorker.java:52)at org.testng.SuiteRunnerWorker.run(SuiteRunnerWorker.java:84)at org.testng.TestNG.runSuitesSequentially(TestNG.java:1187)at org.testng.TestNG.runSuitesLocally(TestNG.java:1116)at org.testng.TestNG.runSuites(TestNG.java:1028)at org.testng.TestNG.run(TestNG.java:996)at org.testng.remote.AbstractRemoteTestNG.run(AbstractRemoteTestNG.java:114)at org.testng.remote.RemoteTestNG.initAndRun(RemoteTestNG.java:251)at org.testng.remote.RemoteTestNG.main(RemoteTestNG.java:77)Caused by: org.apache.http.client.CircularRedirectException: Circular redirect to 'https://tartecosmetics.com/en_IN/internationalstart?siteId=tarte&noredirect=true&locale=en_IN&url=http%3A%2F%2Ftartecosmetics.com%2Fen_IN%2Fhome&currencyMnemonic=USD'at org.apache.http.impl.client.DefaultRedirectStrategy.getLocationURI(DefaultRedirectStrategy.java:177)at org.apache.http.impl.client.DefaultRedirectStrategy.getRedirect(DefaultRedirectStrategy.java:221)at org.apache.http.impl.client.DefaultRequestDirector.handleResponse(DefaultRequestDirector.java:1083)at org.apache.http.impl.client.DefaultRequestDirector.execute(DefaultRequestDirector.java:514)at org.apache.http.impl.client.AbstractHttpClient.doExecute(AbstractHttpClient.java:835)... 135 more]]>
    </error>
  </testcase> <!-- GetWeatherDetails -->
</testsuite> <!-- com.tarte.script.responsecode -->
