<?xml version="1.0" encoding="UTF-8"?>
<!-- Generated by org.testng.reporters.JUnitReportReporter -->
<testsuite skipped="0" hostname="PSharma-ARK09RR7" name="BusinessTestRuns.RegisteredUserCheckoutScenario" tests="1" failures="0" timestamp="20 Mar 2018 16:02:57 GMT" time="105.501" errors="0">
  <testcase name="registerdCustomerCheckOut" time="105.501" classname="BusinessTestRuns.RegisteredUserCheckoutScenario"/>
</testsuite> <!-- BusinessTestRuns.RegisteredUserCheckoutScenario -->
